Conversión de Solid Edge en STL
Fecha: viernes,noviembre 11,2022 12:40a. m.
Archivo fuente:E:\Proyecto Blumentoph 7\Gabinete\Tapa del gabinete .par
Sistema fuente: SOLID EDGE

Hardware:
Procesador: AMD Ryzen 3 3200G with Radeon Vega Graphics    
Sistema operativo: Windows 10 Professional
Memoria instalada: 15,94 GB

Información sobre el software:
Versión de Parasolid: 34.0.153
Versión de PSBodyShop: 34.0.110
Versión de Solid Edge: 222.00.00.132 x64

Opciones de exportación de STL:
Formato de la carpeta de salida:BINARY
Exportar las piezas visualizadas: Desactivado
Opción estructural: Monolithic
Unidades de exportación: Inch
Valor de la tolerancia de exportación:0,050000
Tipo de tolerancia de exportación: Custom
Valor del ángulo plano de superficie de exportación:0,523599

Avance en la conversión:
Fase 1 de 2 recuperando la información sobre Parasolid...
Fase 2 de 2 convirtiendo Parasolid en tipos de datos externos...
Número de archivos STL creados: 1
Se completó el proceso de conversión
Tiempo necesario para convertir:00 : 00 : 01
